Using pre-set license
Built from '2020.3/staging' branch; Version is '2020.3.11f1 (99c7afb366b3) revision 10078127'; Using compiler version '192528614'; Build Type 'Release'
OS: 'Windows 10 Home Single Language; OS build 19041.1052; Version 2004; 64bit' Language: 'tr' Physical Memory: 8092 MB
BatchMode: 1, IsHumanControllingUs: 0, StartBugReporterOnCrash: 0, Is64bit: 1, IsPro: 0

 COMMAND LINE ARGUMENTS:
C:\Users\Valjean\UnityProjects\2020.3.11f1\Editor\Unity.exe
-adb2
-batchMode
-noUpm
-name
AssetImportWorker0
-projectPath
E:/UnityProjects/BasketballTry
-logFile
Logs/AssetImportWorker0.log
-srvPort
57239
Successfully changed project path to: E:/UnityProjects/BasketballTry
E:/UnityProjects/BasketballTry
Using Asset Import Pipeline V2.
Refreshing native plugins compatible for Editor in 133.82 ms, found 2 plugins.
Preloading 0 native plugins for Editor in 0.00 ms.
Initialize engine version: 2020.3.11f1 (99c7afb366b3)
[Subsystems] Discovering subsystems at path C:/Users/Valjean/UnityProjects/2020.3.11f1/Editor/Data/Resources/UnitySubsystems
[Subsystems] Discovering subsystems at path E:/UnityProjects/BasketballTry/Assets
GfxDevice: creating device client; threaded=0
Direct3D:
    Version:  Direct3D 11.0 [level 11.0]
    Renderer: NVIDIA GeForce 940MX (ID=0x134d)
    Vendor:   
    VRAM:     2010 MB
    Driver:   27.21.14.6589
Initialize mono
Mono path[0] = 'C:/Users/Valjean/UnityProjects/2020.3.11f1/Editor/Data/Managed'
Mono path[1] = 'C:/Users/Valjean/UnityProjects/2020.3.11f1/Editor/Data/MonoBleedingEdge/lib/mono/unityjit'
Mono config path = 'C:/Users/Valjean/UnityProjects/2020.3.11f1/Editor/Data/MonoBleedingEdge/etc'
Using monoOptions --debugger-agent=transport=dt_socket,embedding=1,server=y,suspend=n,address=127.0.0.1:56216
Begin MonoManager ReloadAssembly
Registering precompiled unity dll's ...
Register platform support module: C:/Users/Valjean/UnityProjects/2020.3.11f1/Editor/Data/PlaybackEngines/WebGLSupport/UnityEditor.WebGL.Extensions.dll
Register platform support module: C:/Users/Valjean/UnityProjects/2020.3.11f1/Editor/Data/PlaybackEngines/MacStandaloneSupport/UnityEditor.OSXStandalone.Extensions.dll
Register platform support module: C:/Users/Valjean/UnityProjects/2020.3.11f1/Editor/Data/PlaybackEngines/WindowsStandaloneSupport/UnityEditor.WindowsStandalone.Extensions.dll
Registered in 0.008975 seconds.
Native extension for WindowsStandalone target not found
Native extension for OSXStandalone target not found
Native extension for WebGL target not found
Refreshing native plugins compatible for Editor in 110.26 ms, found 2 plugins.
Preloading 0 native plugins for Editor in 0.00 ms.
Mono: successfully reloaded assembly
- Completed reload, in  4.464 seconds
Platform modules already initialized, skipping
Registering precompiled user dll's ...
Registered in 0.007957 seconds.
Begin MonoManager ReloadAssembly
Native extension for WindowsStandalone target not found
Native extension for OSXStandalone target not found
Native extension for WebGL target not found
Refreshing native plugins compatible for Editor in 1.36 ms, found 2 plugins.
Preloading 0 native plugins for Editor in 0.00 ms.
Mono: successfully reloaded assembly
- Completed reload, in  3.202 seconds
Platform modules already initialized, skipping
========================================================================
Worker process is ready to serve import requests
Launched and connected shader compiler UnityShaderCompiler.exe after 0.45 seconds
Refreshing native plugins compatible for Editor in 0.65 ms, found 2 plugins.
Preloading 0 native plugins for Editor in 0.00 ms.
Unloading 1563 Unused Serialized files (Serialized files now loaded: 0)
System memory in use before: 73.0 MB.
System memory in use after: 73.1 MB.

Unloading 20 unused Assets to reduce memory usage. Loaded Objects now: 1997.
Total: 17.372900 ms (FindLiveObjects: 0.499700 ms CreateObjectMapping: 0.224000 ms MarkObjects: 16.302400 ms  DeleteObjects: 0.343400 ms)

========================================================================
Received Import Request.
  path: Assets/Scripts/PlayerMove.cs
  artifactKey: Guid(31d5ea7f71c1a0d4d8e1f7577b3ccd91) Importer(815301076,1909f56bfc062723c751e8b465ee728b)
Start importing Assets/Scripts/PlayerMove.cs using Guid(31d5ea7f71c1a0d4d8e1f7577b3ccd91) Importer(815301076,1909f56bfc062723c751e8b465ee728b)  -> (artifact id: '1afad1e430c585e7353a4f75aa40f2d9') in 0.308892 seconds
  Import took 0.376988 seconds .

========================================================================
Received Import Request.
  Time since last request: 0.000855 seconds.
  path: Assets/Scripts/Patrol.cs
  artifactKey: Guid(d796f72aa38c516439b8197b418b41a3) Importer(815301076,1909f56bfc062723c751e8b465ee728b)
Start importing Assets/Scripts/Patrol.cs using Guid(d796f72aa38c516439b8197b418b41a3) Importer(815301076,1909f56bfc062723c751e8b465ee728b)  -> (artifact id: 'c7107647269d735950e55fde97a94765') in 0.161586 seconds
  Import took 0.289155 seconds .

========================================================================
Received Import Request.
  Time since last request: 293.076547 seconds.
  path: Assets/Scripts/PlayerMove.cs
  artifactKey: Guid(31d5ea7f71c1a0d4d8e1f7577b3ccd91) Importer(815301076,1909f56bfc062723c751e8b465ee728b)
Start importing Assets/Scripts/PlayerMove.cs using Guid(31d5ea7f71c1a0d4d8e1f7577b3ccd91) Importer(815301076,1909f56bfc062723c751e8b465ee728b)  -> (artifact id: 'd3aa5f13ca78f270a764cf9c6dcace8c') in 0.052119 seconds
  Import took 0.114258 seconds .

========================================================================
Received Import Request.
  Time since last request: 0.359016 seconds.
  path: Assets/Scripts/PlayerMove.cs
  artifactKey: Guid(31d5ea7f71c1a0d4d8e1f7577b3ccd91) Importer(815301076,1909f56bfc062723c751e8b465ee728b)
Start importing Assets/Scripts/PlayerMove.cs using Guid(31d5ea7f71c1a0d4d8e1f7577b3ccd91) Importer(815301076,1909f56bfc062723c751e8b465ee728b)  -> (artifact id: 'd3aa5f13ca78f270a764cf9c6dcace8c') in 0.083052 seconds
  Import took 0.093046 seconds .

========================================================================
Received Import Request.
  Time since last request: 74.379425 seconds.
  path: Assets/Scripts/PlayerMove.cs
  artifactKey: Guid(31d5ea7f71c1a0d4d8e1f7577b3ccd91) Importer(815301076,1909f56bfc062723c751e8b465ee728b)
Start importing Assets/Scripts/PlayerMove.cs using Guid(31d5ea7f71c1a0d4d8e1f7577b3ccd91) Importer(815301076,1909f56bfc062723c751e8b465ee728b)  -> (artifact id: 'ab8e2d9a6ecd47b2fa29cba03068f3ce') in 0.089134 seconds
  Import took 0.168154 seconds .

========================================================================
Received Import Request.
  Time since last request: 0.168583 seconds.
  path: Assets/Scripts/PlayerMove.cs
  artifactKey: Guid(31d5ea7f71c1a0d4d8e1f7577b3ccd91) Importer(815301076,1909f56bfc062723c751e8b465ee728b)
Start importing Assets/Scripts/PlayerMove.cs using Guid(31d5ea7f71c1a0d4d8e1f7577b3ccd91) Importer(815301076,1909f56bfc062723c751e8b465ee728b)  -> (artifact id: 'ab8e2d9a6ecd47b2fa29cba03068f3ce') in 0.017841 seconds
  Import took 0.028126 seconds .

========================================================================
Received Import Request.
  Time since last request: 14.146042 seconds.
  path: Assets/Scripts/PlayerMove.cs
  artifactKey: Guid(31d5ea7f71c1a0d4d8e1f7577b3ccd91) Importer(815301076,1909f56bfc062723c751e8b465ee728b)
Start importing Assets/Scripts/PlayerMove.cs using Guid(31d5ea7f71c1a0d4d8e1f7577b3ccd91) Importer(815301076,1909f56bfc062723c751e8b465ee728b)  -> (artifact id: '9ea2cf362f592b138f39525e47f0dcbd') in 0.008990 seconds
  Import took 0.094710 seconds .

========================================================================
Received Prepare
Registering precompiled user dll's ...
Registered in 0.005028 seconds.
Begin MonoManager ReloadAssembly
Native extension for WindowsStandalone target not found
Native extension for OSXStandalone target not found
Native extension for WebGL target not found
Refreshing native plugins compatible for Editor in 0.77 ms, found 2 plugins.
Preloading 0 native plugins for Editor in 0.00 ms.
Mono: successfully reloaded assembly
- Completed reload, in  2.448 seconds
Platform modules already initialized, skipping
Refreshing native plugins compatible for Editor in 0.62 ms, found 2 plugins.
Preloading 0 native plugins for Editor in 0.00 ms.
Unloading 1542 Unused Serialized files (Serialized files now loaded: 0)
System memory in use before: 71.5 MB.
System memory in use after: 71.5 MB.

Unloading 15 unused Assets to reduce memory usage. Loaded Objects now: 2000.
Total: 4.642100 ms (FindLiveObjects: 0.306800 ms CreateObjectMapping: 0.119100 ms MarkObjects: 4.031800 ms  DeleteObjects: 0.181600 ms)

========================================================================
Received Import Request.
  Time since last request: 94.508965 seconds.
  path: Assets/Scripts/PlayerMove.cs
  artifactKey: Guid(31d5ea7f71c1a0d4d8e1f7577b3ccd91) Importer(815301076,1909f56bfc062723c751e8b465ee728b)
Start importing Assets/Scripts/PlayerMove.cs using Guid(31d5ea7f71c1a0d4d8e1f7577b3ccd91) Importer(815301076,1909f56bfc062723c751e8b465ee728b)  -> (artifact id: 'd9dc1dcc4e0072ed63189597c965e182') in 0.029000 seconds
  Import took 0.067660 seconds .

========================================================================
Received Prepare
Registering precompiled user dll's ...
Registered in 0.008304 seconds.
Begin MonoManager ReloadAssembly
Native extension for WindowsStandalone target not found
Native extension for OSXStandalone target not found
Native extension for WebGL target not found
Refreshing native plugins compatible for Editor in 0.37 ms, found 2 plugins.
Preloading 0 native plugins for Editor in 0.00 ms.
Mono: successfully reloaded assembly
- Completed reload, in  3.677 seconds
Platform modules already initialized, skipping
Refreshing native plugins compatible for Editor in 0.86 ms, found 2 plugins.
Preloading 0 native plugins for Editor in 0.00 ms.
Unloading 1539 Unused Serialized files (Serialized files now loaded: 0)
System memory in use before: 71.6 MB.
System memory in use after: 71.6 MB.

Unloading 18 unused Assets to reduce memory usage. Loaded Objects now: 2000.
Total: 5.287400 ms (FindLiveObjects: 0.428400 ms CreateObjectMapping: 0.119500 ms MarkObjects: 4.585300 ms  DeleteObjects: 0.150900 ms)

========================================================================
Received Prepare
Registering precompiled user dll's ...
Registered in 0.003200 seconds.
Begin MonoManager ReloadAssembly
Native extension for WindowsStandalone target not found
Native extension for OSXStandalone target not found
Native extension for WebGL target not found
Refreshing native plugins compatible for Editor in 1.15 ms, found 2 plugins.
Preloading 0 native plugins for Editor in 0.00 ms.
Mono: successfully reloaded assembly
- Completed reload, in  2.775 seconds
Platform modules already initialized, skipping
Refreshing native plugins compatible for Editor in 0.86 ms, found 2 plugins.
Preloading 0 native plugins for Editor in 0.00 ms.
Unloading 1528 Unused Serialized files (Serialized files now loaded: 0)
System memory in use before: 71.3 MB.
System memory in use after: 71.4 MB.

Unloading 26 unused Assets to reduce memory usage. Loaded Objects now: 1992.
Total: 5.478300 ms (FindLiveObjects: 0.323600 ms CreateObjectMapping: 0.127800 ms MarkObjects: 4.866200 ms  DeleteObjects: 0.157600 ms)

========================================================================
Received Prepare
Registering precompiled user dll's ...
Registered in 0.006225 seconds.
Begin MonoManager ReloadAssembly
Native extension for WindowsStandalone target not found
Native extension for OSXStandalone target not found
Native extension for WebGL target not found
Refreshing native plugins compatible for Editor in 1.05 ms, found 2 plugins.
Preloading 0 native plugins for Editor in 0.00 ms.
Mono: successfully reloaded assembly
- Completed reload, in  2.271 seconds
Platform modules already initialized, skipping
Refreshing native plugins compatible for Editor in 0.41 ms, found 2 plugins.
Preloading 0 native plugins for Editor in 0.00 ms.
Unloading 1528 Unused Serialized files (Serialized files now loaded: 0)
System memory in use before: 71.3 MB.
System memory in use after: 71.4 MB.

Unloading 15 unused Assets to reduce memory usage. Loaded Objects now: 1995.
Total: 3.660700 ms (FindLiveObjects: 0.290000 ms CreateObjectMapping: 0.117500 ms MarkObjects: 3.176700 ms  DeleteObjects: 0.074800 ms)

========================================================================
Received Prepare
Registering precompiled user dll's ...
Registered in 0.004211 seconds.
Begin MonoManager ReloadAssembly
Native extension for WindowsStandalone target not found
Native extension for OSXStandalone target not found
Native extension for WebGL target not found
Refreshing native plugins compatible for Editor in 1.45 ms, found 2 plugins.
Preloading 0 native plugins for Editor in 0.00 ms.
Mono: successfully reloaded assembly
- Completed reload, in  2.699 seconds
Platform modules already initialized, skipping
Refreshing native plugins compatible for Editor in 0.47 ms, found 2 plugins.
Preloading 0 native plugins for Editor in 0.00 ms.
Unloading 1528 Unused Serialized files (Serialized files now loaded: 0)
System memory in use before: 71.4 MB.
System memory in use after: 71.4 MB.

Unloading 15 unused Assets to reduce memory usage. Loaded Objects now: 1998.
Total: 3.957700 ms (FindLiveObjects: 0.188500 ms CreateObjectMapping: 0.070600 ms MarkObjects: 3.619300 ms  DeleteObjects: 0.077400 ms)

========================================================================
Received Prepare
Registering precompiled user dll's ...
Registered in 0.003170 seconds.
Begin MonoManager ReloadAssembly
Native extension for WindowsStandalone target not found
Native extension for OSXStandalone target not found
Native extension for WebGL target not found
Refreshing native plugins compatible for Editor in 0.48 ms, found 2 plugins.
Preloading 0 native plugins for Editor in 0.00 ms.
Mono: successfully reloaded assembly
- Completed reload, in  2.220 seconds
Platform modules already initialized, skipping
Refreshing native plugins compatible for Editor in 0.85 ms, found 2 plugins.
Preloading 0 native plugins for Editor in 0.00 ms.
Unloading 1528 Unused Serialized files (Serialized files now loaded: 0)
System memory in use before: 71.4 MB.
System memory in use after: 71.4 MB.

Unloading 15 unused Assets to reduce memory usage. Loaded Objects now: 2001.
Total: 4.470600 ms (FindLiveObjects: 0.359400 ms CreateObjectMapping: 0.148300 ms MarkObjects: 3.824600 ms  DeleteObjects: 0.136400 ms)

========================================================================
Received Prepare
Registering precompiled user dll's ...
Registered in 0.003906 seconds.
Begin MonoManager ReloadAssembly
Native extension for WindowsStandalone target not found
Native extension for OSXStandalone target not found
Native extension for WebGL target not found
Refreshing native plugins compatible for Editor in 0.68 ms, found 2 plugins.
Preloading 0 native plugins for Editor in 0.00 ms.
Mono: successfully reloaded assembly
- Completed reload, in  2.416 seconds
Platform modules already initialized, skipping
Refreshing native plugins compatible for Editor in 0.66 ms, found 2 plugins.
Preloading 0 native plugins for Editor in 0.00 ms.
Unloading 1528 Unused Serialized files (Serialized files now loaded: 0)
System memory in use before: 71.4 MB.
System memory in use after: 71.4 MB.

Unloading 15 unused Assets to reduce memory usage. Loaded Objects now: 2004.
Total: 3.564300 ms (FindLiveObjects: 0.278700 ms CreateObjectMapping: 0.097400 ms MarkObjects: 3.084700 ms  DeleteObjects: 0.101400 ms)

========================================================================
Received Prepare
Registering precompiled user dll's ...
Registered in 0.011605 seconds.
Begin MonoManager ReloadAssembly
Native extension for WindowsStandalone target not found
Native extension for OSXStandalone target not found
Native extension for WebGL target not found
Refreshing native plugins compatible for Editor in 0.86 ms, found 2 plugins.
Preloading 0 native plugins for Editor in 0.00 ms.
Mono: successfully reloaded assembly
- Completed reload, in  2.562 seconds
Platform modules already initialized, skipping
Refreshing native plugins compatible for Editor in 1.20 ms, found 2 plugins.
Preloading 0 native plugins for Editor in 0.00 ms.
Unloading 1528 Unused Serialized files (Serialized files now loaded: 0)
System memory in use before: 71.4 MB.
System memory in use after: 71.5 MB.

Unloading 15 unused Assets to reduce memory usage. Loaded Objects now: 2007.
Total: 7.079900 ms (FindLiveObjects: 0.742000 ms CreateObjectMapping: 0.309000 ms MarkObjects: 5.936300 ms  DeleteObjects: 0.089800 ms)

========================================================================
Received Prepare
Registering precompiled user dll's ...
Registered in 0.002996 seconds.
Begin MonoManager ReloadAssembly
Native extension for WindowsStandalone target not found
Native extension for OSXStandalone target not found
Native extension for WebGL target not found
Refreshing native plugins compatible for Editor in 0.64 ms, found 2 plugins.
Preloading 0 native plugins for Editor in 0.00 ms.
Mono: successfully reloaded assembly
- Completed reload, in  2.105 seconds
Platform modules already initialized, skipping
Refreshing native plugins compatible for Editor in 0.54 ms, found 2 plugins.
Preloading 0 native plugins for Editor in 0.00 ms.
Unloading 1528 Unused Serialized files (Serialized files now loaded: 0)
System memory in use before: 71.4 MB.
System memory in use after: 71.5 MB.

Unloading 15 unused Assets to reduce memory usage. Loaded Objects now: 2010.
Total: 7.004900 ms (FindLiveObjects: 0.799400 ms CreateObjectMapping: 0.185900 ms MarkObjects: 5.907100 ms  DeleteObjects: 0.109900 ms)

========================================================================
Received Prepare
Registering precompiled user dll's ...
Registered in 0.011914 seconds.
Begin MonoManager ReloadAssembly
Native extension for WindowsStandalone target not found
Native extension for OSXStandalone target not found
Native extension for WebGL target not found
Refreshing native plugins compatible for Editor in 0.77 ms, found 2 plugins.
Preloading 0 native plugins for Editor in 0.00 ms.
Mono: successfully reloaded assembly
- Completed reload, in  2.797 seconds
Platform modules already initialized, skipping
Refreshing native plugins compatible for Editor in 1.07 ms, found 2 plugins.
Preloading 0 native plugins for Editor in 0.00 ms.
Unloading 1528 Unused Serialized files (Serialized files now loaded: 0)
System memory in use before: 71.4 MB.
System memory in use after: 71.5 MB.

Unloading 15 unused Assets to reduce memory usage. Loaded Objects now: 2013.
Total: 4.631600 ms (FindLiveObjects: 0.276600 ms CreateObjectMapping: 0.106300 ms MarkObjects: 4.091800 ms  DeleteObjects: 0.154200 ms)

========================================================================
Received Prepare
Registering precompiled user dll's ...
Registered in 0.003014 seconds.
Begin MonoManager ReloadAssembly
Native extension for WindowsStandalone target not found
Native extension for OSXStandalone target not found
Native extension for WebGL target not found
Refreshing native plugins compatible for Editor in 0.44 ms, found 2 plugins.
Preloading 0 native plugins for Editor in 0.00 ms.
Mono: successfully reloaded assembly
- Completed reload, in  2.201 seconds
Platform modules already initialized, skipping
Refreshing native plugins compatible for Editor in 1.53 ms, found 2 plugins.
Preloading 0 native plugins for Editor in 0.00 ms.
Unloading 1528 Unused Serialized files (Serialized files now loaded: 0)
System memory in use before: 71.4 MB.
System memory in use after: 71.5 MB.

Unloading 15 unused Assets to reduce memory usage. Loaded Objects now: 2016.
Total: 5.411100 ms (FindLiveObjects: 0.316800 ms CreateObjectMapping: 0.108500 ms MarkObjects: 4.801400 ms  DeleteObjects: 0.181200 ms)

========================================================================
Received Import Request.
  Time since last request: 803.149950 seconds.
  path: Assets/Voodoo/VoodooCustomCharacter/Animations/Throw.anim
  artifactKey: Guid(5344fad17ca5d43768599f56f51d7708) Importer(815301076,1909f56bfc062723c751e8b465ee728b)
Start importing Assets/Voodoo/VoodooCustomCharacter/Animations/Throw.anim using Guid(5344fad17ca5d43768599f56f51d7708) Importer(815301076,1909f56bfc062723c751e8b465ee728b)  -> (artifact id: '2c5133ec4691f913106ffa8ac84d59cc') in 0.198037 seconds
  Import took 0.271687 seconds .

========================================================================
Received Import Request.
  Time since last request: 16.994184 seconds.
  path: Assets/Voodoo/VoodooCustomCharacter/Animations/Walk With Rifle.anim
  artifactKey: Guid(b45673a149ea343129e388623cf74c44) Importer(815301076,1909f56bfc062723c751e8b465ee728b)
Start importing Assets/Voodoo/VoodooCustomCharacter/Animations/Walk With Rifle.anim using Guid(b45673a149ea343129e388623cf74c44) Importer(815301076,1909f56bfc062723c751e8b465ee728b)  -> (artifact id: '1268707bc6f7a323ad0a35e344f62729') in 0.021011 seconds
  Import took 0.067173 seconds .

========================================================================
Received Import Request.
  Time since last request: 3.797394 seconds.
  path: Assets/Voodoo/VoodooCustomCharacter/Animations/Wave Hip Hop Dance.anim
  artifactKey: Guid(ea2e5f0b9210f4c8590c3c1f0fe77368) Importer(815301076,1909f56bfc062723c751e8b465ee728b)
Start importing Assets/Voodoo/VoodooCustomCharacter/Animations/Wave Hip Hop Dance.anim using Guid(ea2e5f0b9210f4c8590c3c1f0fe77368) Importer(815301076,1909f56bfc062723c751e8b465ee728b)  -> (artifact id: '1b4430cade88251cfae8cd7ae539856e') in 0.082013 seconds
  Import took 0.089395 seconds .

========================================================================
Received Import Request.
  Time since last request: 4.470585 seconds.
  path: Assets/Voodoo/VoodooCustomCharacter/Animations/Spin In Place.anim
  artifactKey: Guid(8a88fbda99b234b149be57e61646e027) Importer(815301076,1909f56bfc062723c751e8b465ee728b)
Start importing Assets/Voodoo/VoodooCustomCharacter/Animations/Spin In Place.anim using Guid(8a88fbda99b234b149be57e61646e027) Importer(815301076,1909f56bfc062723c751e8b465ee728b)  -> (artifact id: 'b9b8b7e3727a6c815599d5a4aba246dc') in 0.031442 seconds
  Import took 0.036428 seconds .

========================================================================
Received Import Request.
  Time since last request: 3.213275 seconds.
  path: Assets/Voodoo/VoodooCustomCharacter/Animations/Sitting Clap.anim
  artifactKey: Guid(07266ec6718d748eeacb79e01841fbff) Importer(815301076,1909f56bfc062723c751e8b465ee728b)
Start importing Assets/Voodoo/VoodooCustomCharacter/Animations/Sitting Clap.anim using Guid(07266ec6718d748eeacb79e01841fbff) Importer(815301076,1909f56bfc062723c751e8b465ee728b)  -> (artifact id: 'e1d449da67338c93b49875c2c8b35e09') in 0.030031 seconds
  Import took 0.035163 seconds .

========================================================================
Received Import Request.
  Time since last request: 2.108038 seconds.
  path: Assets/Voodoo/VoodooCustomCharacter/Animations/Landing.anim
  artifactKey: Guid(bed24eec62c7140c9a43cfe732bf876a) Importer(815301076,1909f56bfc062723c751e8b465ee728b)
Start importing Assets/Voodoo/VoodooCustomCharacter/Animations/Landing.anim using Guid(bed24eec62c7140c9a43cfe732bf876a) Importer(815301076,1909f56bfc062723c751e8b465ee728b)  -> (artifact id: 'ce831923d26ea2a6d6287f906c9e91aa') in 0.024423 seconds
  Import took 0.074211 seconds .

========================================================================
Received Import Request.
  Time since last request: 3.288270 seconds.
  path: Assets/Voodoo/VoodooCustomCharacter/Animations/Jumping Up.anim
  artifactKey: Guid(36f1b00be23d843fe93146f2c54bb415) Importer(815301076,1909f56bfc062723c751e8b465ee728b)
Start importing Assets/Voodoo/VoodooCustomCharacter/Animations/Jumping Up.anim using Guid(36f1b00be23d843fe93146f2c54bb415) Importer(815301076,1909f56bfc062723c751e8b465ee728b)  -> (artifact id: '6d3662ffec44362a63081ed178268e7d') in 0.050544 seconds
  Import took 0.088250 seconds .

========================================================================
Received Import Request.
  Time since last request: 4.152144 seconds.
  path: Assets/Voodoo/VoodooCustomCharacter/Animations/Jogging With Box.anim
  artifactKey: Guid(3331d35866ba2445bb2039652332bd29) Importer(815301076,1909f56bfc062723c751e8b465ee728b)
Start importing Assets/Voodoo/VoodooCustomCharacter/Animations/Jogging With Box.anim using Guid(3331d35866ba2445bb2039652332bd29) Importer(815301076,1909f56bfc062723c751e8b465ee728b)  -> (artifact id: 'b7f6e888f03eb8288e13161ab781f07e') in 0.024702 seconds
  Import took 0.057375 seconds .

========================================================================
Received Import Request.
  Time since last request: 2.448813 seconds.
  path: Assets/Voodoo/VoodooCustomCharacter/Animations/Falling Idle.anim
  artifactKey: Guid(a440a33d72c1b4c888d9b489a4e03937) Importer(815301076,1909f56bfc062723c751e8b465ee728b)
Start importing Assets/Voodoo/VoodooCustomCharacter/Animations/Falling Idle.anim using Guid(a440a33d72c1b4c888d9b489a4e03937) Importer(815301076,1909f56bfc062723c751e8b465ee728b)  -> (artifact id: '8d8b8c3b2d138bfe439c9f6dcfabb271') in 0.019211 seconds
  Import took 0.071660 seconds .

========================================================================
Received Import Request.
  Time since last request: 2.717859 seconds.
  path: Assets/Voodoo/VoodooCustomCharacter/Animations/Falling Back Death.anim
  artifactKey: Guid(1bf2ac2ce85f64193ab82878e3aa76bd) Importer(815301076,1909f56bfc062723c751e8b465ee728b)
Start importing Assets/Voodoo/VoodooCustomCharacter/Animations/Falling Back Death.anim using Guid(1bf2ac2ce85f64193ab82878e3aa76bd) Importer(815301076,1909f56bfc062723c751e8b465ee728b)  -> (artifact id: 'f6deecc767dd9dfa53f236f3f603aa05') in 0.068284 seconds
  Import took 0.138235 seconds .

========================================================================
Received Import Request.
  Time since last request: 2.616800 seconds.
  path: Assets/Voodoo/VoodooCustomCharacter/Animations/Dynamic Idle.anim
  artifactKey: Guid(4481c197fe417401790364bbbb1e517a) Importer(815301076,1909f56bfc062723c751e8b465ee728b)
Start importing Assets/Voodoo/VoodooCustomCharacter/Animations/Dynamic Idle.anim using Guid(4481c197fe417401790364bbbb1e517a) Importer(815301076,1909f56bfc062723c751e8b465ee728b)  -> (artifact id: '02e7ac543cbd33af1870c8a6f228adb9') in 0.075720 seconds
  Import took 0.094406 seconds .

========================================================================
Received Import Request.
  Time since last request: 2.852169 seconds.
  path: Assets/Voodoo/VoodooCustomCharacter/Animations/Drunk Idle Variation.anim
  artifactKey: Guid(430d9e903bd674dab9079a0895fddefc) Importer(815301076,1909f56bfc062723c751e8b465ee728b)
Start importing Assets/Voodoo/VoodooCustomCharacter/Animations/Drunk Idle Variation.anim using Guid(430d9e903bd674dab9079a0895fddefc) Importer(815301076,1909f56bfc062723c751e8b465ee728b)  -> (artifact id: 'a60907a2f17cf24d939c6e52a65dc3ac') in 0.046555 seconds
  Import took 0.078209 seconds .

========================================================================
Received Import Request.
  Time since last request: 3.073418 seconds.
  path: Assets/Voodoo/VoodooCustomCharacter/Animations/Chicken Dance.anim
  artifactKey: Guid(e6c74ba55c1b34a82b767ad54e7b19bc) Importer(815301076,1909f56bfc062723c751e8b465ee728b)
Start importing Assets/Voodoo/VoodooCustomCharacter/Animations/Chicken Dance.anim using Guid(e6c74ba55c1b34a82b767ad54e7b19bc) Importer(815301076,1909f56bfc062723c751e8b465ee728b)  -> (artifact id: '70bcb9388e1b1fd3fc9f2b7b1707c8a1') in 0.053206 seconds
  Import took 0.068753 seconds .

========================================================================
Received Prepare
Registering precompiled user dll's ...
Registered in 0.008679 seconds.
Begin MonoManager ReloadAssembly
Native extension for WindowsStandalone target not found
Native extension for OSXStandalone target not found
Native extension for WebGL target not found
Refreshing native plugins compatible for Editor in 0.35 ms, found 2 plugins.
Preloading 0 native plugins for Editor in 0.00 ms.
Mono: successfully reloaded assembly
- Completed reload, in  1.862 seconds
Platform modules already initialized, skipping
Refreshing native plugins compatible for Editor in 0.41 ms, found 2 plugins.
Preloading 0 native plugins for Editor in 0.00 ms.
Unloading 1528 Unused Serialized files (Serialized files now loaded: 0)
System memory in use before: 71.4 MB.
System memory in use after: 71.5 MB.

Unloading 15 unused Assets to reduce memory usage. Loaded Objects now: 2019.
Total: 3.030000 ms (FindLiveObjects: 0.218000 ms CreateObjectMapping: 0.063700 ms MarkObjects: 2.660200 ms  DeleteObjects: 0.086500 ms)

========================================================================
Received Prepare
Registering precompiled user dll's ...
Registered in 0.005890 seconds.
Begin MonoManager ReloadAssembly
Native extension for WindowsStandalone target not found
Native extension for OSXStandalone target not found
Native extension for WebGL target not found
Refreshing native plugins compatible for Editor in 0.66 ms, found 2 plugins.
Preloading 0 native plugins for Editor in 0.00 ms.
Mono: successfully reloaded assembly
- Completed reload, in  3.073 seconds
Platform modules already initialized, skipping
Refreshing native plugins compatible for Editor in 1.23 ms, found 2 plugins.
Preloading 0 native plugins for Editor in 0.00 ms.
Unloading 1528 Unused Serialized files (Serialized files now loaded: 0)
System memory in use before: 71.4 MB.
System memory in use after: 71.5 MB.

Unloading 15 unused Assets to reduce memory usage. Loaded Objects now: 2022.
Total: 4.767100 ms (FindLiveObjects: 0.383200 ms CreateObjectMapping: 0.129800 ms MarkObjects: 4.097100 ms  DeleteObjects: 0.151500 ms)

========================================================================
Received Prepare
Registering precompiled user dll's ...
Registered in 0.004290 seconds.
Begin MonoManager ReloadAssembly
Native extension for WindowsStandalone target not found
Native extension for OSXStandalone target not found
Native extension for WebGL target not found
Refreshing native plugins compatible for Editor in 0.80 ms, found 2 plugins.
Preloading 0 native plugins for Editor in 0.00 ms.
Mono: successfully reloaded assembly
- Completed reload, in  2.508 seconds
Platform modules already initialized, skipping
Refreshing native plugins compatible for Editor in 0.41 ms, found 2 plugins.
Preloading 0 native plugins for Editor in 0.00 ms.
Unloading 1528 Unused Serialized files (Serialized files now loaded: 0)
System memory in use before: 71.4 MB.
System memory in use after: 71.5 MB.

Unloading 15 unused Assets to reduce memory usage. Loaded Objects now: 2025.
Total: 3.219700 ms (FindLiveObjects: 0.286600 ms CreateObjectMapping: 0.071700 ms MarkObjects: 2.775600 ms  DeleteObjects: 0.083600 ms)

========================================================================
Received Prepare
Registering precompiled user dll's ...
Registered in 0.005215 seconds.
Begin MonoManager ReloadAssembly
Native extension for WindowsStandalone target not found
Native extension for OSXStandalone target not found
Native extension for WebGL target not found
Refreshing native plugins compatible for Editor in 1.22 ms, found 2 plugins.
Preloading 0 native plugins for Editor in 0.00 ms.
Mono: successfully reloaded assembly
- Completed reload, in  3.241 seconds
Platform modules already initialized, skipping
Refreshing native plugins compatible for Editor in 1.37 ms, found 2 plugins.
Preloading 0 native plugins for Editor in 0.00 ms.
Unloading 1528 Unused Serialized files (Serialized files now loaded: 0)
System memory in use before: 71.4 MB.
System memory in use after: 71.5 MB.

Unloading 15 unused Assets to reduce memory usage. Loaded Objects now: 2028.
Total: 3.580300 ms (FindLiveObjects: 0.473300 ms CreateObjectMapping: 0.177800 ms MarkObjects: 2.832000 ms  DeleteObjects: 0.094000 ms)

========================================================================
Received Prepare
Registering precompiled user dll's ...
Registered in 0.006964 seconds.
Begin MonoManager ReloadAssembly
Native extension for WindowsStandalone target not found
Native extension for OSXStandalone target not found
Native extension for WebGL target not found
Refreshing native plugins compatible for Editor in 0.94 ms, found 2 plugins.
Preloading 0 native plugins for Editor in 0.00 ms.
Mono: successfully reloaded assembly
- Completed reload, in  3.323 seconds
Platform modules already initialized, skipping
Refreshing native plugins compatible for Editor in 0.97 ms, found 2 plugins.
Preloading 0 native plugins for Editor in 0.00 ms.
Unloading 1528 Unused Serialized files (Serialized files now loaded: 0)
System memory in use before: 71.4 MB.
System memory in use after: 71.5 MB.

Unloading 15 unused Assets to reduce memory usage. Loaded Objects now: 2031.
Total: 8.000200 ms (FindLiveObjects: 0.683700 ms CreateObjectMapping: 0.445300 ms MarkObjects: 6.705100 ms  DeleteObjects: 0.162100 ms)

========================================================================
Received Import Request.
  Time since last request: 278.749437 seconds.
  path: Assets/Voodoo/VoodooCustomCharacter/Animators/BasicCharacter.controller
  artifactKey: Guid(34c552fbe8b264306b616377a5d71065) Importer(815301076,1909f56bfc062723c751e8b465ee728b)
Start importing Assets/Voodoo/VoodooCustomCharacter/Animators/BasicCharacter.controller using Guid(34c552fbe8b264306b616377a5d71065) Importer(815301076,1909f56bfc062723c751e8b465ee728b)  -> (artifact id: 'b571cb57c138814876fcb460e555c3a9') in 0.418824 seconds
  Import took 0.549574 seconds .

========================================================================
Received Prepare
Registering precompiled user dll's ...
Registered in 0.004156 seconds.
Begin MonoManager ReloadAssembly
Native extension for WindowsStandalone target not found
Native extension for OSXStandalone target not found
Native extension for WebGL target not found
Refreshing native plugins compatible for Editor in 1.06 ms, found 2 plugins.
Preloading 0 native plugins for Editor in 0.00 ms.
Mono: successfully reloaded assembly
- Completed reload, in  2.365 seconds
Platform modules already initialized, skipping
Refreshing native plugins compatible for Editor in 0.90 ms, found 2 plugins.
Preloading 0 native plugins for Editor in 0.00 ms.
Unloading 1528 Unused Serialized files (Serialized files now loaded: 0)
System memory in use before: 71.5 MB.
System memory in use after: 71.5 MB.

Unloading 15 unused Assets to reduce memory usage. Loaded Objects now: 2034.
Total: 6.072100 ms (FindLiveObjects: 0.647500 ms CreateObjectMapping: 0.140500 ms MarkObjects: 5.171300 ms  DeleteObjects: 0.110200 ms)

========================================================================
Received Import Request.
  Time since last request: 81.626997 seconds.
  path: Assets/Voodoo/VoodooCustomCharacter/Animators/BasicCharacter.controller
  artifactKey: Guid(34c552fbe8b264306b616377a5d71065) Importer(815301076,1909f56bfc062723c751e8b465ee728b)
Start importing Assets/Voodoo/VoodooCustomCharacter/Animators/BasicCharacter.controller using Guid(34c552fbe8b264306b616377a5d71065) Importer(815301076,1909f56bfc062723c751e8b465ee728b)  -> (artifact id: '737ce37e19336400d33d5e1a4dfbafd3') in 0.282386 seconds
  Import took 0.296496 seconds .

========================================================================
Received Prepare
Registering precompiled user dll's ...
Registered in 0.009279 seconds.
Begin MonoManager ReloadAssembly
Native extension for WindowsStandalone target not found
Native extension for OSXStandalone target not found
Native extension for WebGL target not found
Refreshing native plugins compatible for Editor in 1.03 ms, found 2 plugins.
Preloading 0 native plugins for Editor in 0.00 ms.
Mono: successfully reloaded assembly
- Completed reload, in  2.914 seconds
Platform modules already initialized, skipping
Refreshing native plugins compatible for Editor in 0.65 ms, found 2 plugins.
Preloading 0 native plugins for Editor in 0.00 ms.
Unloading 1528 Unused Serialized files (Serialized files now loaded: 0)
System memory in use before: 71.5 MB.
System memory in use after: 71.5 MB.

Unloading 15 unused Assets to reduce memory usage. Loaded Objects now: 2037.
Total: 7.032300 ms (FindLiveObjects: 0.460200 ms CreateObjectMapping: 0.215600 ms MarkObjects: 6.202300 ms  DeleteObjects: 0.150700 ms)

========================================================================
Received Import Request.
  Time since last request: 79.470084 seconds.
  path: Assets/Voodoo/VoodooCustomCharacter/Animations/Running.anim
  artifactKey: Guid(ee2527b5a88044c6b86ab3f1383de1bf) Importer(815301076,1909f56bfc062723c751e8b465ee728b)
Start importing Assets/Voodoo/VoodooCustomCharacter/Animations/Running.anim using Guid(ee2527b5a88044c6b86ab3f1383de1bf) Importer(815301076,1909f56bfc062723c751e8b465ee728b)  -> (artifact id: '49709f7d7a7640253a8a2c81fdb66c1f') in 0.057338 seconds
  Import took 0.309732 seconds .

========================================================================
Received Prepare
Registering precompiled user dll's ...
Registered in 0.005521 seconds.
Begin MonoManager ReloadAssembly
Native extension for WindowsStandalone target not found
Native extension for OSXStandalone target not found
Native extension for WebGL target not found
Refreshing native plugins compatible for Editor in 0.35 ms, found 2 plugins.
Preloading 0 native plugins for Editor in 0.00 ms.
Mono: successfully reloaded assembly
- Completed reload, in  2.285 seconds
Platform modules already initialized, skipping
Refreshing native plugins compatible for Editor in 1.42 ms, found 2 plugins.
Preloading 0 native plugins for Editor in 0.00 ms.
Unloading 1528 Unused Serialized files (Serialized files now loaded: 0)
System memory in use before: 71.5 MB.
System memory in use after: 71.5 MB.

Unloading 15 unused Assets to reduce memory usage. Loaded Objects now: 2040.
Total: 6.524000 ms (FindLiveObjects: 0.618100 ms CreateObjectMapping: 0.220800 ms MarkObjects: 5.518000 ms  DeleteObjects: 0.163500 ms)

========================================================================
Received Prepare
Registering precompiled user dll's ...
Registered in 0.003364 seconds.
Begin MonoManager ReloadAssembly
Native extension for WindowsStandalone target not found
Native extension for OSXStandalone target not found
Native extension for WebGL target not found
Refreshing native plugins compatible for Editor in 0.78 ms, found 2 plugins.
Preloading 0 native plugins for Editor in 0.00 ms.
Mono: successfully reloaded assembly
- Completed reload, in  2.505 seconds
Platform modules already initialized, skipping
Refreshing native plugins compatible for Editor in 0.78 ms, found 2 plugins.
Preloading 0 native plugins for Editor in 0.00 ms.
Unloading 1528 Unused Serialized files (Serialized files now loaded: 0)
System memory in use before: 71.5 MB.
System memory in use after: 71.6 MB.

Unloading 15 unused Assets to reduce memory usage. Loaded Objects now: 2043.
Total: 4.593800 ms (FindLiveObjects: 0.298800 ms CreateObjectMapping: 0.113000 ms MarkObjects: 4.024800 ms  DeleteObjects: 0.154400 ms)

========================================================================
Received Import Request.
  Time since last request: 298.795130 seconds.
  path: Assets/Voodoo/VoodooCustomCharacter/Animators/BasicCharacter.controller
  artifactKey: Guid(34c552fbe8b264306b616377a5d71065) Importer(815301076,1909f56bfc062723c751e8b465ee728b)
Start importing Assets/Voodoo/VoodooCustomCharacter/Animators/BasicCharacter.controller using Guid(34c552fbe8b264306b616377a5d71065) Importer(815301076,1909f56bfc062723c751e8b465ee728b)  -> (artifact id: 'b502b4d9ed1ac3ebecf9b8ca757e8ec6') in 0.255712 seconds
  Import took 0.264791 seconds .

========================================================================
Received Prepare
Registering precompiled user dll's ...
Registered in 0.010228 seconds.
Begin MonoManager ReloadAssembly
Native extension for WindowsStandalone target not found
Native extension for OSXStandalone target not found
Native extension for WebGL target not found
Refreshing native plugins compatible for Editor in 1.22 ms, found 2 plugins.
Preloading 0 native plugins for Editor in 0.00 ms.
Mono: successfully reloaded assembly
- Completed reload, in  3.039 seconds
Platform modules already initialized, skipping
Refreshing native plugins compatible for Editor in 1.14 ms, found 2 plugins.
Preloading 0 native plugins for Editor in 0.00 ms.
Unloading 1528 Unused Serialized files (Serialized files now loaded: 0)
System memory in use before: 71.5 MB.
System memory in use after: 71.6 MB.

Unloading 15 unused Assets to reduce memory usage. Loaded Objects now: 2046.
Total: 8.842600 ms (FindLiveObjects: 0.922200 ms CreateObjectMapping: 0.378000 ms MarkObjects: 7.384500 ms  DeleteObjects: 0.154800 ms)

========================================================================
Received Prepare
Registering precompiled user dll's ...
Registered in 0.009686 seconds.
Begin MonoManager ReloadAssembly
Native extension for WindowsStandalone target not found
Native extension for OSXStandalone target not found
Native extension for WebGL target not found
Refreshing native plugins compatible for Editor in 0.70 ms, found 2 plugins.
Preloading 0 native plugins for Editor in 0.00 ms.
Mono: successfully reloaded assembly
- Completed reload, in  3.113 seconds
Platform modules already initialized, skipping
Refreshing native plugins compatible for Editor in 0.56 ms, found 2 plugins.
Preloading 0 native plugins for Editor in 0.00 ms.
Unloading 1528 Unused Serialized files (Serialized files now loaded: 0)
System memory in use before: 71.5 MB.
System memory in use after: 71.6 MB.

Unloading 15 unused Assets to reduce memory usage. Loaded Objects now: 2049.
Total: 5.113400 ms (FindLiveObjects: 0.373800 ms CreateObjectMapping: 0.144800 ms MarkObjects: 4.464400 ms  DeleteObjects: 0.128200 ms)

========================================================================
Received Prepare
Registering precompiled user dll's ...
Registered in 0.004070 seconds.
Begin MonoManager ReloadAssembly
Native extension for WindowsStandalone target not found
Native extension for OSXStandalone target not found
Native extension for WebGL target not found
Refreshing native plugins compatible for Editor in 0.79 ms, found 2 plugins.
Preloading 0 native plugins for Editor in 0.00 ms.
Mono: successfully reloaded assembly
- Completed reload, in  2.727 seconds
Platform modules already initialized, skipping
Refreshing native plugins compatible for Editor in 0.70 ms, found 2 plugins.
Preloading 0 native plugins for Editor in 0.00 ms.
Unloading 1528 Unused Serialized files (Serialized files now loaded: 0)
System memory in use before: 71.5 MB.
System memory in use after: 71.6 MB.

Unloading 15 unused Assets to reduce memory usage. Loaded Objects now: 2052.
Total: 5.472500 ms (FindLiveObjects: 0.392100 ms CreateObjectMapping: 0.136300 ms MarkObjects: 4.816800 ms  DeleteObjects: 0.124800 ms)

========================================================================
Received Prepare
Registering precompiled user dll's ...
Registered in 0.003174 seconds.
Begin MonoManager ReloadAssembly
Native extension for WindowsStandalone target not found
Native extension for OSXStandalone target not found
Native extension for WebGL target not found
Refreshing native plugins compatible for Editor in 0.42 ms, found 2 plugins.
Preloading 0 native plugins for Editor in 0.00 ms.
Mono: successfully reloaded assembly
- Completed reload, in  1.963 seconds
Platform modules already initialized, skipping
Refreshing native plugins compatible for Editor in 0.88 ms, found 2 plugins.
Preloading 0 native plugins for Editor in 0.00 ms.
Unloading 1528 Unused Serialized files (Serialized files now loaded: 0)
System memory in use before: 71.5 MB.
System memory in use after: 71.6 MB.

Unloading 15 unused Assets to reduce memory usage. Loaded Objects now: 2055.
Total: 3.728800 ms (FindLiveObjects: 0.331300 ms CreateObjectMapping: 0.142100 ms MarkObjects: 3.166900 ms  DeleteObjects: 0.085900 ms)

========================================================================
Received Prepare
Registering precompiled user dll's ...
Registered in 0.003030 seconds.
Begin MonoManager ReloadAssembly
Native extension for WindowsStandalone target not found
Native extension for OSXStandalone target not found
Native extension for WebGL target not found
Refreshing native plugins compatible for Editor in 0.70 ms, found 2 plugins.
Preloading 0 native plugins for Editor in 0.00 ms.
Mono: successfully reloaded assembly
- Completed reload, in  2.248 seconds
Platform modules already initialized, skipping
Refreshing native plugins compatible for Editor in 0.70 ms, found 2 plugins.
Preloading 0 native plugins for Editor in 0.00 ms.
Unloading 1528 Unused Serialized files (Serialized files now loaded: 0)
System memory in use before: 71.5 MB.
System memory in use after: 71.6 MB.

Unloading 15 unused Assets to reduce memory usage. Loaded Objects now: 2058.
Total: 5.062700 ms (FindLiveObjects: 0.310600 ms CreateObjectMapping: 0.113100 ms MarkObjects: 4.477500 ms  DeleteObjects: 0.158700 ms)

========================================================================
Received Prepare
Registering precompiled user dll's ...
Registered in 0.004490 seconds.
Begin MonoManager ReloadAssembly
Native extension for WindowsStandalone target not found
Native extension for OSXStandalone target not found
Native extension for WebGL target not found
Refreshing native plugins compatible for Editor in 0.68 ms, found 2 plugins.
Preloading 0 native plugins for Editor in 0.00 ms.
Mono: successfully reloaded assembly
- Completed reload, in  2.022 seconds
Platform modules already initialized, skipping
Refreshing native plugins compatible for Editor in 0.40 ms, found 2 plugins.
Preloading 0 native plugins for Editor in 0.00 ms.
Unloading 1528 Unused Serialized files (Serialized files now loaded: 0)
System memory in use before: 71.5 MB.
System memory in use after: 71.6 MB.

Unloading 15 unused Assets to reduce memory usage. Loaded Objects now: 2061.
Total: 2.278600 ms (FindLiveObjects: 0.178300 ms CreateObjectMapping: 0.059300 ms MarkObjects: 1.965700 ms  DeleteObjects: 0.073600 ms)

========================================================================
Received Prepare
Registering precompiled user dll's ...
Registered in 0.009097 seconds.
Begin MonoManager ReloadAssembly
Native extension for WindowsStandalone target not found
Native extension for OSXStandalone target not found
Native extension for WebGL target not found
Refreshing native plugins compatible for Editor in 0.75 ms, found 2 plugins.
Preloading 0 native plugins for Editor in 0.00 ms.
Mono: successfully reloaded assembly
- Completed reload, in  2.100 seconds
Platform modules already initialized, skipping
Refreshing native plugins compatible for Editor in 0.36 ms, found 2 plugins.
Preloading 0 native plugins for Editor in 0.00 ms.
Unloading 1528 Unused Serialized files (Serialized files now loaded: 0)
System memory in use before: 71.5 MB.
System memory in use after: 71.6 MB.

Unloading 15 unused Assets to reduce memory usage. Loaded Objects now: 2064.
Total: 3.093500 ms (FindLiveObjects: 0.262600 ms CreateObjectMapping: 0.109500 ms MarkObjects: 2.649100 ms  DeleteObjects: 0.070900 ms)

